<?xml version="1.0" encoding="UTF-8"?>
<!-- Generated by org.testng.reporters.JUnitReportReporter -->
<testsuite hostname="Himanshusingh01" name="com.RestAssured.testCases.PUT_1_Test" tests="1" failures="0" timestamp="1 Nov 2019 11:36:30 GMT" time="5.156" errors="0">
  <testcase name="put_1" time="5.156" classname="com.RestAssured.testCases.PUT_1_Test"/>
</testsuite> <!-- com.RestAssured.testCases.PUT_1_Test -->
