<?xml version="1.0" encoding="UTF-8"?>
<!-- Generated by org.testng.reporters.JUnitReportReporter -->
<testsuite hostname="Himanshusingh01" name="com.RestAssured.testCases.GETbyID_Test" tests="1" failures="0" timestamp="31 Oct 2019 07:47:33 GMT" time="0.075" errors="0">
  <testcase name="checkGETbyID" time="0.075" classname="com.RestAssured.testCases.GETbyID_Test"/>
</testsuite> <!-- com.RestAssured.testCases.GETbyID_Test -->
