<?xml version="1.0" encoding="UTF-8"?>
<!-- Generated by org.testng.reporters.JUnitReportReporter -->
<testsuite hostname="Himanshusingh01" name="com.RestAssured.testCases.POST1_Test" tests="1" failures="0" timestamp="31 Oct 2019 07:52:01 GMT" time="2.823" errors="0">
  <testcase name="checkPOST_1" time="2.823" classname="com.RestAssured.testCases.POST1_Test"/>
</testsuite> <!-- com.RestAssured.testCases.POST1_Test -->
