<?xml version="1.0" encoding="UTF-8"?>
<!-- Generated by org.testng.reporters.JUnitReportReporter -->
<testsuite hostname="Himanshusingh01" name="com.RestAssured.testCases.GET_1_Test" tests="1" failures="0" timestamp="1 Nov 2019 11:36:30 GMT" time="5.875" errors="0">
  <testcase name="checkGET" time="5.875" classname="com.RestAssured.testCases.GET_1_Test"/>
</testsuite> <!-- com.RestAssured.testCases.GET_1_Test -->
