<?xml version="1.0" encoding="UTF-8"?>
<!-- Generated by org.testng.reporters.JUnitReportReporter -->
<testsuite hostname="Himanshusingh01" name="com.RestAssured.testCases.GET_Test" tests="2" failures="0" timestamp="1 Nov 2019 07:25:35 GMT" time="3.421" errors="0">
  <testcase name="checkGET" time="2.266" classname="com.RestAssured.testCases.GET_Test"/>
  <testcase name="checkGETbyID" time="1.155" classname="com.RestAssured.testCases.GET_Test"/>
</testsuite> <!-- com.RestAssured.testCases.GET_Test -->
