<?xml version="1.0" encoding="UTF-8"?>
<!-- Generated by org.testng.reporters.JUnitReportReporter -->
<testsuite hostname="Himanshusingh01" name="com.RestAssured.testCases.PUT_Test" tests="2" failures="0" timestamp="1 Nov 2019 06:18:40 GMT" time="3.593" errors="0">
  <testcase name="put_1" time="2.529" classname="com.RestAssured.testCases.PUT_Test"/>
  <testcase name="put_2" time="1.064" classname="com.RestAssured.testCases.PUT_Test"/>
</testsuite> <!-- com.RestAssured.testCases.PUT_Test -->
