<?xml version="1.0" encoding="UTF-8"?>
<!-- Generated by org.testng.reporters.JUnitReportReporter -->
<testsuite hostname="Himanshusingh01" name="com.RestAssured.testCases.POST_1_Test" tests="1" failures="0" timestamp="1 Nov 2019 11:36:30 GMT" time="4.976" errors="0">
  <testcase name="post_1" time="4.976" classname="com.RestAssured.testCases.POST_1_Test"/>
</testsuite> <!-- com.RestAssured.testCases.POST_1_Test -->
