<?xml version="1.0" encoding="UTF-8"?>
<!-- Generated by org.testng.reporters.JUnitReportReporter -->
<testsuite hostname="Himanshusingh01" name="com.RestAssured.testCases.POST2_Test" tests="1" failures="0" timestamp="31 Oct 2019 07:28:45 GMT" time="2.632" errors="0">
  <testcase name="checkPOST_2" time="2.632" classname="com.RestAssured.testCases.POST2_Test"/>
</testsuite> <!-- com.RestAssured.testCases.POST2_Test -->
