<?xml version="1.0" encoding="UTF-8"?>
<!-- Generated by org.testng.reporters.JUnitReportReporter -->
<testsuite hostname="Himanshusingh01" name="com.RestAssured.testCases.PATCH_Test" tests="2" failures="0" timestamp="1 Nov 2019 06:18:18 GMT" time="3.792" errors="0">
  <testcase name="patch_1" time="2.595" classname="com.RestAssured.testCases.PATCH_Test"/>
  <testcase name="patch_2" time="1.197" classname="com.RestAssured.testCases.PATCH_Test"/>
</testsuite> <!-- com.RestAssured.testCases.PATCH_Test -->
