<?xml version="1.0" encoding="UTF-8"?>
<!-- Generated by org.testng.reporters.JUnitReportReporter -->
<testsuite hostname="Himanshusingh01" name="com.RestAssured.testCases.POST_2_Test" tests="1" failures="0" timestamp="1 Nov 2019 11:36:30 GMT" time="4.182" errors="0">
  <testcase name="post_2" time="4.182" classname="com.RestAssured.testCases.POST_2_Test"/>
</testsuite> <!-- com.RestAssured.testCases.POST_2_Test -->
