<?xml version="1.0" encoding="UTF-8"?>
<!-- Generated by org.testng.reporters.JUnitReportReporter -->
<testsuite hostname="Himanshusingh01" name="com.RestAssured.testCases.POST2" tests="1" failures="0" timestamp="31 Oct 2019 06:55:36 GMT" time="2.951" errors="0">
  <testcase name="checkPOST_2" time="2.951" classname="com.RestAssured.testCases.POST2"/>
</testsuite> <!-- com.RestAssured.testCases.POST2 -->
